

times in msec
 clock   self+sourced   self:  sourced script
 clock   elapsed:              other lines

000.014  000.014: --- NVIM STARTING ---
000.209  000.195: event init
000.296  000.087: early init
000.365  000.069: locale set
000.417  000.051: init first window
000.728  000.312: inits 1
000.752  000.024: window checked
000.754  000.002: parsing arguments
001.274  000.083  000.083: require('vim.shared')
001.403  000.046  000.046: require('vim._meta')
001.404  000.126  000.080: require('vim._editor')
001.406  000.244  000.035: require('vim._init_packages')
001.412  000.413: init lua interpreter
001.502  000.090: expanding arguments
001.559  000.057: inits 2
001.921  000.363: init highlight
001.923  000.001: waiting for UI
002.162  000.239: done waiting for UI
002.177  000.015: clear screen
002.403  000.226: init default mappings & autocommands
004.189  000.207  000.207: sourcing /usr/share/nvim/runtime/ftplugin.vim
004.383  000.076  000.076: sourcing /usr/share/nvim/runtime/indent.vim
004.531  000.044  000.044: sourcing $VIM/sysinit.vim
005.905  000.100  000.100: sourcing /usr/share/nvim/runtime/syntax/synload.vim
006.141  000.174  000.174: sourcing /usr/share/nvim/runtime/filetype.lua
007.728  001.425  001.425: require('vim.filetype')
009.739  001.245  001.245: require('vim.filetype.detect')
009.813  004.076  001.131: sourcing /usr/share/nvim/runtime/syntax/syntax.vim
009.821  004.492  000.416: require('sol.core.basic')
009.906  000.010  000.010: require('vim.keymap')
010.245  000.422  000.412: require('sol.core.remaps')
010.248  005.633  000.719: require('sol.core')
011.182  000.777  000.777: require('lazy')
011.220  000.020  000.020: require('ffi')
011.290  000.065  000.065: require('vim.loader')
011.354  000.026  000.026: require('vim.fs')
011.563  000.253  000.227: require('lazy.stats')
011.794  000.209  000.209: require('lazy.core.util')
011.963  000.165  000.165: require('lazy.core.config')
012.614  000.460  000.460: require('lazy.core.handler')
012.847  000.229  000.229: require('lazy.core.plugin')
012.855  000.889  000.201: require('lazy.core.loader')
013.490  000.115  000.115: require('lazy.core.handler.cmd')
013.716  000.133  000.133: require('lazy.core.handler.event')
013.720  000.224  000.091: require('lazy.core.handler.ft')
013.788  000.064  000.064: require('lazy.core.handler.keys')
013.893  000.050  000.050: sourcing /usr/share/nvim/runtime/filetype.lua
015.063  000.140  000.140: require('tokyonight.treesitter')
015.070  000.374  000.234: require('tokyonight.util')
015.460  000.077  000.077: require('tokyonight.colors')
015.463  000.381  000.304: require('tokyonight.theme')
015.551  000.085  000.085: require('tokyonight.config')
015.554  001.289  000.449: require('tokyonight')
016.803  000.056  000.056: sourcing /home/lan/.local/share/nvim/lazy/nvim-web-devicons/plugin/nvim-web-devicons.vim
017.454  000.008  000.008: require('vim.F')
017.468  000.611  000.603: require('alpha')
017.614  000.145  000.145: require('alpha.themes.startify')
017.854  000.079  000.079: require('alpha.themes.dashboard')
018.149  000.290  000.290: require('vim.version')
020.354  002.634  002.265: sourcing /home/lan/.config/nvim/plugin/alpha.lua
020.683  000.187  000.187: require('catppuccin')
020.958  000.082  000.082: require('catppuccin.lib.hashing')
023.427  001.619  001.619: sourcing /home/lan/.local/share/nvim/lazy/catppuccin/colors/catppuccin.vim
023.440  003.023  001.135: sourcing /home/lan/.config/nvim/plugin/catppuccin.lua
024.126  000.146  000.146: require('lualine_require')
024.433  000.738  000.591: require('lualine')
028.856  000.058  000.058: require('lualine.utils.mode')
029.066  005.544  004.748: sourcing /home/lan/.config/nvim/plugin/lualine.lua
029.301  000.059  000.059: sourcing /usr/share/nvim/runtime/plugin/editorconfig.lua
029.500  000.164  000.164: sourcing /usr/share/nvim/runtime/plugin/gzip.vim
029.543  000.010  000.010: sourcing /usr/share/nvim/runtime/plugin/health.vim
029.629  000.058  000.058: sourcing /usr/share/nvim/runtime/plugin/man.lua
030.180  000.202  000.202: sourcing /usr/share/nvim/runtime/pack/dist/opt/matchit/plugin/matchit.vim
030.281  000.585  000.383: sourcing /usr/share/nvim/runtime/plugin/matchit.vim
030.480  000.153  000.153: sourcing /usr/share/nvim/runtime/plugin/matchparen.vim
030.845  000.331  000.331: sourcing /usr/share/nvim/runtime/plugin/netrwPlugin.vim
030.938  000.052  000.052: sourcing /usr/share/nvim/runtime/plugin/nvim.lua
031.131  000.010  000.010: sourcing /home/lan/.local/share/nvim/rplugin.vim
031.141  000.166  000.157: sourcing /usr/share/nvim/runtime/plugin/rplugin.vim
031.236  000.062  000.062: sourcing /usr/share/nvim/runtime/plugin/shada.vim
031.295  000.023  000.023: sourcing /usr/share/nvim/runtime/plugin/spellfile.vim
031.438  000.108  000.108: sourcing /usr/share/nvim/runtime/plugin/tarPlugin.vim
031.561  000.087  000.087: sourcing /usr/share/nvim/runtime/plugin/tohtml.vim
031.653  000.020  000.020: sourcing /usr/share/nvim/runtime/plugin/tutor.vim
031.869  000.162  000.162: sourcing /usr/share/nvim/runtime/plugin/zipPlugin.vim
031.973  021.723  003.549: require('sol.lazy')
031.977  027.406  000.050: sourcing /home/lan/.config/nvim/init.lua
031.985  001.848: sourcing vimrc file(s)
031.997  000.012: inits 3
034.521  002.525: reading ShaDa
034.697  000.176: opening buffers
034.781  000.084: BufEnter autocommands
034.784  000.003: editing files in windows
038.138  003.353: VimEnter autocommands
038.188  000.050: UIEnter autocommands
038.494  000.220  000.220: sourcing /usr/share/nvim/runtime/autoload/provider/clipboard.vim
038.503  000.095: before starting main loop
039.129  000.626: first screen update
039.132  000.003: --- NVIM STARTED ---


times in msec
 clock   self+sourced   self:  sourced script
 clock   elapsed:              other lines

000.009  000.009: --- NVIM STARTING ---
000.194  000.186: event init
000.287  000.093: early init
000.357  000.070: locale set
000.408  000.051: init first window
000.713  000.305: inits 1
000.723  000.010: window checked
000.725  000.002: parsing arguments
001.253  000.075  000.075: require('vim.shared')
001.372  000.041  000.041: require('vim._meta')
001.374  000.115  000.074: require('vim._editor')
001.376  000.220  000.030: require('vim._init_packages')
001.381  000.436: init lua interpreter
002.017  000.636: expanding arguments
002.092  000.075: inits 2
002.474  000.383: init highlight
